Added Component: Designator=3225-8MHz(Crystal-3225)
Add component. Clean all parameters for all variants
Added Component: Designator=C1(CAP0402)
Add component. Clean all parameters for all variants
Added Component: Designator=C2(CAP0402)
Add component. Clean all parameters for all variants
Added Component: Designator=C3(CAP0402)
Add component. Clean all parameters for all variants
Added Component: Designator=C4(CAP0402)
Add component. Clean all parameters for all variants
Added Component: Designator=C5(CAP0402)
Add component. Clean all parameters for all variants
Added Component: Designator=C6(CAP0402)
Add component. Clean all parameters for all variants
Added Component: Designator=C7(CAP0402)
Add component. Clean all parameters for all variants
Added Component: Designator=C8(CAP0402)
Add component. Clean all parameters for all variants
Added Component: Designator=C9(CAP0402)
Add component. Clean all parameters for all variants
Added Component: Designator=C10(CAP0402)
Add component. Clean all parameters for all variants
Added Component: Designator=C11(CAP0402)
Add component. Clean all parameters for all variants
Added Component: Designator=C12(CAP0402)
Add component. Clean all parameters for all variants
Added Component: Designator=C13(CAP0402)
Add component. Clean all parameters for all variants
Added Component: Designator=C14(CAP0402)
Add component. Clean all parameters for all variants
Added Component: Designator=C15(CAP0402)
Add component. Clean all parameters for all variants
Added Component: Designator=IP5306(IP5306)
Add component. Clean all parameters for all variants
Added Component: Designator=L0530(IND0530)
Add component. Clean all parameters for all variants
Added Component: Designator=LED1(LED0603)
Add component. Clean all parameters for all variants
Added Component: Designator=LED2(LED0603)
Add component. Clean all parameters for all variants
Added Component: Designator=LED3(LED0603)
Add component. Clean all parameters for all variants
Added Component: Designator=LED4(LED0603)
Add component. Clean all parameters for all variants
Added Component: Designator=LED5(LED0603)
Add component. Clean all parameters for all variants
Added Component: Designator=M5333B(M5333B)
Add component. Clean all parameters for all variants
Added Component: Designator=PORT-DOWN(PH2.0-SMD-6Pin)
Add component. Clean all parameters for all variants
Added Component: Designator=PORT-UP(PH2.0-SMD-6Pin)
Add component. Clean all parameters for all variants
Added Component: Designator=R1(RES0402)
Add component. Clean all parameters for all variants
Added Component: Designator=R2(RES0402)
Add component. Clean all parameters for all variants
Added Component: Designator=R3(RES0402)
Add component. Clean all parameters for all variants
Added Component: Designator=R4(RES0603)
Add component. Clean all parameters for all variants
Added Component: Designator=R5(RES0402)
Add component. Clean all parameters for all variants
Added Component: Designator=R6(RES0402)
Add component. Clean all parameters for all variants
Added Component: Designator=R7(RES0402)
Add component. Clean all parameters for all variants
Added Component: Designator=R8(RES0402)
Add component. Clean all parameters for all variants
Added Component: Designator=STM32F030F4P6(STM32F030F4P6)
Add component. Clean all parameters for all variants
Added Component: Designator=Switch(Key-4*4*1.5)
Add component. Clean all parameters for all variants
Added Component: Designator=Type-C(SinkBoard-Type-C-IN-16Pin)
Add component. Clean all parameters for all variants
Added Pin To Net: NetName=3V3 Pin=C9-1
Added Pin To Net: NetName=3V3 Pin=C12-1
Added Pin To Net: NetName=3V3 Pin=C13-1
Added Pin To Net: NetName=3V3 Pin=C14-1
Added Pin To Net: NetName=3V3 Pin=C15-1
Added Pin To Net: NetName=3V3 Pin=LED5-1
Added Pin To Net: NetName=3V3 Pin=M5333B-3
Added Pin To Net: NetName=3V3 Pin=R5-2
Added Pin To Net: NetName=3V3 Pin=STM32F030F4P6-5
Added Pin To Net: NetName=3V3 Pin=STM32F030F4P6-16
Added Net: Name=3V3
Added Pin To Net: NetName=5VIN Pin=C8-1
Added Pin To Net: NetName=5VIN Pin=M5333B-2
Added Pin To Net: NetName=5VIN Pin=M5333B-2
Added Pin To Net: NetName=5VIN Pin=PORT-DOWN-4
Added Pin To Net: NetName=5VIN Pin=PORT-UP-6
Added Pin To Net: NetName=5VIN Pin=R7-1
Added Pin To Net: NetName=5VIN Pin=R8-2
Added Net: Name=5VIN
Added Pin To Net: NetName=5VOUT Pin=C5-1
Added Pin To Net: NetName=5VOUT Pin=C6-1
Added Pin To Net: NetName=5VOUT Pin=C7-1
Added Pin To Net: NetName=5VOUT Pin=IP5306-8
Added Pin To Net: NetName=5VOUT Pin=PORT-DOWN-3
Added Net: Name=5VOUT
Added Pin To Net: NetName=BAT Pin=C4-1
Added Pin To Net: NetName=BAT Pin=L0530-2
Added Pin To Net: NetName=BAT Pin=PORT-DOWN-2
Added Pin To Net: NetName=BAT Pin=R4-1
Added Net: Name=BAT
Added Pin To Net: NetName=GND Pin=3225-8MHz-2
Added Pin To Net: NetName=GND Pin=3225-8MHz-4
Added Pin To Net: NetName=GND Pin=C1-2
Added Pin To Net: NetName=GND Pin=C2-2
Added Pin To Net: NetName=GND Pin=C3-2
Added Pin To Net: NetName=GND Pin=C4-2
Added Pin To Net: NetName=GND Pin=C5-2
Added Pin To Net: NetName=GND Pin=C6-2
Added Pin To Net: NetName=GND Pin=C7-2
Added Pin To Net: NetName=GND Pin=C8-2
Added Pin To Net: NetName=GND Pin=C9-2
Added Pin To Net: NetName=GND Pin=C10-2
Added Pin To Net: NetName=GND Pin=C11-1
Added Pin To Net: NetName=GND Pin=C12-2
Added Pin To Net: NetName=GND Pin=C13-2
Added Pin To Net: NetName=GND Pin=C14-2
Added Pin To Net: NetName=GND Pin=C15-2
Added Pin To Net: NetName=GND Pin=M5333B-1
Added Pin To Net: NetName=GND Pin=PORT-DOWN-1
Added Pin To Net: NetName=GND Pin=PORT-DOWN-6
Added Pin To Net: NetName=GND Pin=PORT-UP-1
Added Pin To Net: NetName=GND Pin=PORT-UP-2
Added Pin To Net: NetName=GND Pin=R1-1
Added Pin To Net: NetName=GND Pin=R2-1
Added Pin To Net: NetName=GND Pin=STM32F030F4P6-1
Added Pin To Net: NetName=GND Pin=STM32F030F4P6-15
Added Pin To Net: NetName=GND Pin=Switch-2
Added Pin To Net: NetName=GND Pin=Type-C-1
Added Pin To Net: NetName=GND Pin=Type-C-1
Added Pin To Net: NetName=GND Pin=Type-C-1
Added Pin To Net: NetName=GND Pin=Type-C-12
Added Pin To Net: NetName=GND Pin=Type-C-12
Added Pin To Net: NetName=GND Pin=Type-C-12
Added Net: Name=GND
Added Pin To Net: NetName=Net3225-8MHz_1 Pin=3225-8MHz-1
Added Pin To Net: NetName=Net3225-8MHz_1 Pin=C11-2
Added Pin To Net: NetName=Net3225-8MHz_1 Pin=STM32F030F4P6-3
Added Net: Name=Net3225-8MHz_1
Added Pin To Net: NetName=Net3225-8MHz_3 Pin=3225-8MHz-3
Added Pin To Net: NetName=Net3225-8MHz_3 Pin=C10-1
Added Pin To Net: NetName=Net3225-8MHz_3 Pin=STM32F030F4P6-2
Added Net: Name=Net3225-8MHz_3
Added Pin To Net: NetName=NetC1_1 Pin=C1-1
Added Pin To Net: NetName=NetC1_1 Pin=R3-1
Added Net: Name=NetC1_1
Added Pin To Net: NetName=NetC2_1 Pin=C2-1
Added Pin To Net: NetName=NetC2_1 Pin=IP5306-1
Added Pin To Net: NetName=NetC2_1 Pin=R3-2
Added Pin To Net: NetName=NetC2_1 Pin=Type-C-2
Added Pin To Net: NetName=NetC2_1 Pin=Type-C-11
Added Net: Name=NetC2_1
Added Pin To Net: NetName=NetC3_1 Pin=C3-1
Added Pin To Net: NetName=NetC3_1 Pin=IP5306-6
Added Pin To Net: NetName=NetC3_1 Pin=R4-2
Added Net: Name=NetC3_1
Added Pin To Net: NetName=NetIP5306_2 Pin=IP5306-2
Added Pin To Net: NetName=NetIP5306_2 Pin=LED1-1
Added Pin To Net: NetName=NetIP5306_2 Pin=LED2-2
Added Net: Name=NetIP5306_2
Added Pin To Net: NetName=NetIP5306_3 Pin=IP5306-3
Added Pin To Net: NetName=NetIP5306_3 Pin=LED3-1
Added Pin To Net: NetName=NetIP5306_3 Pin=LED4-2
Added Net: Name=NetIP5306_3
Added Pin To Net: NetName=NetIP5306_4 Pin=IP5306-4
Added Pin To Net: NetName=NetIP5306_4 Pin=LED1-2
Added Pin To Net: NetName=NetIP5306_4 Pin=LED2-1
Added Pin To Net: NetName=NetIP5306_4 Pin=LED3-2
Added Pin To Net: NetName=NetIP5306_4 Pin=LED4-1
Added Net: Name=NetIP5306_4
Added Pin To Net: NetName=NetIP5306_7 Pin=IP5306-7
Added Pin To Net: NetName=NetIP5306_7 Pin=L0530-1
Added Net: Name=NetIP5306_7
Added Pin To Net: NetName=NetLED5_2 Pin=LED5-2
Added Pin To Net: NetName=NetLED5_2 Pin=R6-1
Added Net: Name=NetLED5_2
Added Pin To Net: NetName=NetPORT-DOWN_5 Pin=PORT-DOWN-5
Added Pin To Net: NetName=NetPORT-DOWN_5 Pin=R8-1
Added Net: Name=NetPORT-DOWN_5
Added Pin To Net: NetName=NetR1_2 Pin=R1-2
Added Pin To Net: NetName=NetR1_2 Pin=Type-C-9
Added Net: Name=NetR1_2
Added Pin To Net: NetName=NetR2_2 Pin=R2-2
Added Pin To Net: NetName=NetR2_2 Pin=Type-C-3
Added Net: Name=NetR2_2
Added Pin To Net: NetName=NetR5_1 Pin=R5-1
Added Pin To Net: NetName=NetR5_1 Pin=STM32F030F4P6-4
Added Net: Name=NetR5_1
Added Pin To Net: NetName=NetR6_2 Pin=R6-2
Added Pin To Net: NetName=NetR6_2 Pin=STM32F030F4P6-6
Added Net: Name=NetR6_2
Added Pin To Net: NetName=NetSTM32F030F4P6_17 Pin=STM32F030F4P6-17
Added Pin To Net: NetName=NetSTM32F030F4P6_17 Pin=Switch-1
Added Net: Name=NetSTM32F030F4P6_17
Added Pin To Net: NetName=RGB Pin=PORT-UP-5
Added Pin To Net: NetName=RGB Pin=R7-2
Added Pin To Net: NetName=RGB Pin=STM32F030F4P6-18
Added Net: Name=RGB
Added Pin To Net: NetName=SWCLK Pin=PORT-UP-3
Added Pin To Net: NetName=SWCLK Pin=STM32F030F4P6-20
Added Net: Name=SWCLK
Added Pin To Net: NetName=SWDIO Pin=PORT-UP-4
Added Pin To Net: NetName=SWDIO Pin=STM32F030F4P6-19
Added Net: Name=SWDIO
Added Class: Name=Suprise
Added Room: Name=Suprise
